./danube_bsp/arch/mips/infineon/danube/basic/danubeIRQ.S
./danube_bsp/arch/mips/infineon/danube/basic/dma-core.c
./danube_bsp/arch/mips/infineon/danube/basic/ikos.c
./danube_bsp/arch/mips/infineon/danube/basic/interrupt.c
./danube_bsp/arch/mips/infineon/danube/basic/kgdb_serial.c
./danube_bsp/arch/mips/infineon/danube/basic/pci.c
./danube_bsp/arch/mips/infineon/danube/basic/reset.c
./danube_bsp/arch/mips/infineon/danube/basic/setup.c
./danube_bsp/arch/mips/infineon/danube/mps/mps_device.c
./danube_bsp/arch/mips/infineon/danube/mps/mps_device.h
./danube_bsp/arch/mips/infineon/danube/mps/mps_linux.c
./danube_bsp/arch/mips/infineon/danube/mps/mps_tpe_buffer.c
./danube_bsp/arch/mips/infineon/danube/mps/mps_tpe_device.c
./danube_bsp/arch/mips/infineon/danube/mps/mps_tpe_device.h
./danube_bsp/arch/mips/infineon/danube/mps/mps_tpe_linux.c
./danube_bsp/arch/mips/infineon/danube/port/port.c
./danube_bsp/arch/mips/infineon/danube/port/port_defs.h
./danube_bsp/arch/mips/infineon/danube/vcpu/DANUBE_VCPU_DeviceDriver.c
./danube_bsp/arch/mips/infineon/danube/vcpu/DANUBE_VCPU_DeviceDriver_Ext.h
./danube_bsp/arch/mips/infineon/danube/vcpu/DANUBE_VCPU_DeviceDriver.h
./danube_bsp/arch/mips/infineon/danube/vcpu/DANUBE_VCPU_Download.c
./danube_bsp/arch/mips/infineon/danube/vcpu/DANUBE_VCPU_Version.h
./danube_bsp/arch/mips/infineon/danube/vcpu/drv_api.h
./danube_bsp/arch/mips/infineon/danube/vcpu/drv_DANUBE_VCPU_Api.h
./danube_bsp/arch/mips/infineon/danube/vcpu/drv_DANUBE_VCPU_Interface.h
./danube_bsp/arch/mips/infineon/danube/vcpu/drv_DANUBE_VCPU_Linux.c
./danube_bsp/arch/mips/infineon/danube/vcpu/drv_DANUBE_VCPU_Linux.h
./danube_bsp/arch/mips/pci/ops-danube.c
./danube_bsp/drivers/atm/danube_ppe.c
./danube_bsp/drivers/char/core.c
./danube_bsp/drivers/char/danube_cgu.c
./danube_bsp/drivers/char/danube_eeprom.c
./danube_bsp/drivers/char/danube_gptu.c
./danube_bsp/drivers/char/danube_led.c
./danube_bsp/drivers/char/danube_mei_core.c
./danube_bsp/drivers/char/danube_mei_mib.c
./danube_bsp/drivers/char/danube_pmu.c
./danube_bsp/drivers/char/danube_ssc.c
./danube_bsp/drivers/char/danube_wdt_version.h
./danube_bsp/drivers/char/ifx_asc.c
./danube_bsp/drivers/char/memcopy.c
./danube_bsp/drivers/char/port.c
./danube_bsp/drivers/char/port.h
./danube_bsp/drivers/crypto/ifxdeu-aes.c
./danube_bsp/drivers/crypto/ifxdeu-des.c
./danube_bsp/drivers/crypto/ifxdeu-generic.c
./danube_bsp/drivers/crypto/ifxdeu-md5.c
./danube_bsp/drivers/crypto/ifxdeu-sha1.c
./danube_bsp/drivers/mtd/nand/danube_nand.c
./danube_bsp/drivers/net/danube_eth2.c
./danube_bsp/drivers/net/danube_ppa_eth_d2.c
./danube_bsp/drivers/net/danube_sw.c
./danube_bsp/drivers/serial/danube_asc.c
./danube_bsp/drivers/usb/gadget/dwc3884.c
./danube_bsp/drivers/usb/gadget/dwc3884.h
./danube_bsp/drivers/usb/gadget/dwc3884_regs.h
./danube_bsp/drivers/usb/host/dwc3884.h
./danube_bsp/drivers/usb/host/dwc3884-hcd.c
./danube_bsp/include/asm-mips/danube/danube_eth2_fw.h
./danube_bsp/include/asm-mips/danube/danube_eth2_fw_with_dplus.h
./danube_bsp/include/asm-mips/danube/danube_eth2_fw_with_dplus_sb.h
./danube_bsp/include/asm-mips/danube/danube_eth2.h
./danube_bsp/include/asm-mips/danube/danube_eth_d2.h
./danube_bsp/include/asm-mips/danube/danube_mei_app.h
./danube_bsp/include/asm-mips/danube/danube_mei.h
./danube_bsp/include/asm-mips/danube/danube_mei_ioctl.h
./danube_bsp/include/asm-mips/danube/danube_ppa_eth_fw_d2.h
./danube_bsp/include/asm-mips/danube/danube_ppa_eth_fw_d3.h
./danube_bsp/include/asm-mips/danube/danube_ppe_fw.h
./danube_bsp/include/asm-mips/danube/danube_ppe.h
./danube_bsp/include/asm-mips/danube/danube_rcu.h
./danube_bsp/include/asm-mips/danube/ifx_serial.h
./danube_bsp/include/asm-mips/danube/ifx_types.h
./danube_bsp/include/asm-mips/danube/mps_dualcore.h
./danube_bsp/include/asm-mips/danube/mps.h
./danube_bsp/include/asm-mips/danube/mps_tpe_buffer.h
./danube_bsp/include/asm-mips/danube/port.h
./danube_bsp/kernel/lspinfo.c
./os/drivers/atm/nicstar_oam.c
./os/drivers/atm/nicstar_oam.h
